Using pre-set license
Built from '2021.3/staging' branch; Version is '2021.3.20f1 (577897200b8b) revision 5732503'; Using compiler version '192829333'; Build Type 'Release'
OS: 'Windows 10  (10.0.19045) 64bit Professional' Language: 'ru' Physical Memory: 15708 MB
BatchMode: 1, IsHumanControllingUs: 0, StartBugReporterOnCrash: 0, Is64bit: 1, IsPro: 1

COMMAND LINE ARGUMENTS:
C:\Program Files\Unity\Hub\Editor\2021.3.20f1\Editor\Unity.exe
-adb2
-batchMode
-noUpm
-name
AssetImportWorker0
-projectPath
D:/UnityFile/Last-Fight/Last-Fight/Last Fight
-logFile
Logs/AssetImportWorker0.log
-srvPort
63453
Successfully changed project path to: D:/UnityFile/Last-Fight/Last-Fight/Last Fight
D:/UnityFile/Last-Fight/Last-Fight/Last Fight
[UnityMemory] Configuration Parameters - Can be set up in boot.config
    "memorysetup-bucket-allocator-granularity=16"
    "memorysetup-bucket-allocator-bucket-count=8"
    "memorysetup-bucket-allocator-block-size=33554432"
    "memorysetup-bucket-allocator-block-count=8"
    "memorysetup-main-allocator-block-size=16777216"
    "memorysetup-thread-allocator-block-size=16777216"
    "memorysetup-gfx-main-allocator-block-size=16777216"
    "memorysetup-gfx-thread-allocator-block-size=16777216"
    "memorysetup-cache-allocator-block-size=4194304"
    "memorysetup-typetree-allocator-block-size=2097152"
    "memorysetup-profiler-bucket-allocator-granularity=16"
    "memorysetup-profiler-bucket-allocator-bucket-count=8"
    "memorysetup-profiler-bucket-allocator-block-size=33554432"
    "memorysetup-profiler-bucket-allocator-block-count=8"
    "memorysetup-profiler-allocator-block-size=16777216"
    "memorysetup-profiler-editor-allocator-block-size=1048576"
    "memorysetup-temp-allocator-size-main=16777216"
    "memorysetup-job-temp-allocator-block-size=2097152"
    "memorysetup-job-temp-allocator-block-size-background=1048576"
    "memorysetup-job-temp-allocator-reduction-small-platforms=262144"
    "memorysetup-temp-allocator-size-background-worker=32768"
    "memorysetup-temp-allocator-size-job-worker=262144"
    "memorysetup-temp-allocator-size-preload-manager=33554432"
    "memorysetup-temp-allocator-size-nav-mesh-worker=65536"
    "memorysetup-temp-allocator-size-audio-worker=65536"
    "memorysetup-temp-allocator-size-cloud-worker=32768"
    "memorysetup-temp-allocator-size-gi-baking-worker=262144"
    "memorysetup-temp-allocator-size-gfx=262144"
Player connection [7328] Host "[IP] 192.168.0.12 [Port] 0 [Flags] 2 [Guid] 1532316558 [EditorId] 1532316558 [Version] 1048832 [Id] WindowsEditor(7,DESKTOP-EOLITL9) [Debug] 1 [PackageName] WindowsEditor [ProjectName] Editor" joined multi-casting on [225.0.0.222:54997]...

Player connection [7328] Host "[IP] 192.168.0.12 [Port] 0 [Flags] 2 [Guid] 1532316558 [EditorId] 1532316558 [Version] 1048832 [Id] WindowsEditor(7,DESKTOP-EOLITL9) [Debug] 1 [PackageName] WindowsEditor [ProjectName] Editor" joined alternative multi-casting on [225.0.0.222:34997]...

Refreshing native plugins compatible for Editor in 65.89 ms, found 3 plugins.
Preloading 0 native plugins for Editor in 0.00 ms.
Initialize engine version: 2021.3.20f1 (577897200b8b)
[Subsystems] Discovering subsystems at path C:/Program Files/Unity/Hub/Editor/2021.3.20f1/Editor/Data/Resources/UnitySubsystems
[Subsystems] Discovering subsystems at path D:/UnityFile/Last-Fight/Last-Fight/Last Fight/Assets
GfxDevice: creating device client; threaded=0; jobified=0
Direct3D:
    Version:  Direct3D 11.0 [level 11.1]
    Renderer: NVIDIA GeForce RTX 3050 Ti Laptop GPU (ID=0x2523)
    Vendor:   NVIDIA
    VRAM:     3976 MB
    Driver:   31.0.15.3141
Initialize mono
Mono path[0] = 'C:/Program Files/Unity/Hub/Editor/2021.3.20f1/Editor/Data/Managed'
Mono path[1] = 'C:/Program Files/Unity/Hub/Editor/2021.3.20f1/Editor/Data/MonoBleedingEdge/lib/mono/unityjit-win32'
Mono config path = 'C:/Program Files/Unity/Hub/Editor/2021.3.20f1/Editor/Data/MonoBleedingEdge/etc'
Using monoOptions --debugger-agent=transport=dt_socket,embedding=1,server=y,suspend=n,address=127.0.0.1:56132
Begin MonoManager ReloadAssembly
Registering precompiled unity dll's ...
Register platform support module: C:/Program Files/Unity/Hub/Editor/2021.3.20f1/Editor/Data/PlaybackEngines/AndroidPlayer/UnityEditor.Android.Extensions.dll
Register platform support module: C:/Program Files/Unity/Hub/Editor/2021.3.20f1/Editor/Data/PlaybackEngines/iOSSupport/UnityEditor.iOS.Extensions.dll
Register platform support module: C:/Program Files/Unity/Hub/Editor/2021.3.20f1/Editor/Data/PlaybackEngines/WindowsStandaloneSupport/UnityEditor.WindowsStandalone.Extensions.dll
Registered in 0.008065 seconds.
Native extension for WindowsStandalone target not found
[usbmuxd] Start listen thread
[usbmuxd] Listen thread started
Native extension for iOS target not found
Native extension for Android target not found
Android Extension - Scanning For ADB Devices 201 ms
Refreshing native plugins compatible for Editor in 64.98 ms, found 3 plugins.
Preloading 0 native plugins for Editor in 0.00 ms.
Mono: successfully reloaded assembly
- Completed reload, in  0.763 seconds
Domain Reload Profiling:
	ReloadAssembly (764ms)
		BeginReloadAssembly (72ms)
			ExecutionOrderSort (0ms)
			DisableScriptedObjects (0ms)
			BackupInstance (0ms)
			ReleaseScriptingObjects (0ms)
			CreateAndSetChildDomain (1ms)
		EndReloadAssembly (605ms)
			LoadAssemblies (70ms)
			RebuildTransferFunctionScriptingTraits (0ms)
			SetupTypeCache (87ms)
			ReleaseScriptCaches (0ms)
			RebuildScriptCaches (24ms)
			SetupLoadedEditorAssemblies (450ms)
				LogAssemblyErrors (0ms)
				InitializePlatformSupportModulesInManaged (263ms)
				SetLoadedEditorAssemblies (0ms)
				RefreshPlugins (65ms)
				BeforeProcessingInitializeOnLoad (1ms)
				ProcessInitializeOnLoadAttributes (83ms)
				ProcessInitializeOnLoadMethodAttributes (37ms)
				AfterProcessingInitializeOnLoad (0ms)
				EditorAssembliesLoaded (0ms)
			ExecutionOrderSort2 (0ms)
			AwakeInstancesAfterBackupRestoration (0ms)
Platform modules already initialized, skipping
Registering precompiled user dll's ...
Registered in 0.003104 seconds.
Begin MonoManager ReloadAssembly
Symbol file LoadedFromMemory doesn't match image D:\UnityFile\Last-Fight\Last-Fight\Last Fight\Library\PackageCache\com.unity.visualscripting@1.8.0\Editor\VisualScripting.Core\Dependencies\YamlDotNet\Unity.VisualScripting.YamlDotNet.dll
Symbol file LoadedFromMemory doesn't match image D:\UnityFile\Last-Fight\Last-Fight\Last Fight\Library\PackageCache\com.unity.visualscripting@1.8.0\Editor\VisualScripting.Core\Dependencies\DotNetZip\Unity.VisualScripting.IonicZip.dll
Native extension for WindowsStandalone target not found
Native extension for iOS target not found
Native extension for Android target not found
Refreshing native plugins compatible for Editor in 0.57 ms, found 3 plugins.
Preloading 0 native plugins for Editor in 0.00 ms.
Mono: successfully reloaded assembly
- Completed reload, in  0.820 seconds
Domain Reload Profiling:
	ReloadAssembly (821ms)
		BeginReloadAssembly (102ms)
			ExecutionOrderSort (0ms)
			DisableScriptedObjects (5ms)
			BackupInstance (0ms)
			ReleaseScriptingObjects (0ms)
			CreateAndSetChildDomain (20ms)
		EndReloadAssembly (633ms)
			LoadAssemblies (72ms)
			RebuildTransferFunctionScriptingTraits (0ms)
			SetupTypeCache (198ms)
			ReleaseScriptCaches (0ms)
			RebuildScriptCaches (42ms)
			SetupLoadedEditorAssemblies (296ms)
				LogAssemblyErrors (0ms)
				InitializePlatformSupportModulesInManaged (23ms)
				SetLoadedEditorAssemblies (0ms)
				RefreshPlugins (1ms)
				BeforeProcessingInitializeOnLoad (70ms)
				ProcessInitializeOnLoadAttributes (177ms)
				ProcessInitializeOnLoadMethodAttributes (17ms)
				AfterProcessingInitializeOnLoad (8ms)
				EditorAssembliesLoaded (0ms)
			ExecutionOrderSort2 (0ms)
			AwakeInstancesAfterBackupRestoration (4ms)
Platform modules already initialized, skipping
========================================================================
Worker process is ready to serve import requests
Launched and connected shader compiler UnityShaderCompiler.exe after 0.04 seconds
Refreshing native plugins compatible for Editor in 0.56 ms, found 3 plugins.
Preloading 0 native plugins for Editor in 0.00 ms.
Unloading 3097 Unused Serialized files (Serialized files now loaded: 0)
Unloading 24 unused Assets / (113.7 KB). Loaded Objects now: 3560.
Memory consumption went from 111.0 MB to 110.9 MB.
Total: 2.572700 ms (FindLiveObjects: 0.223500 ms CreateObjectMapping: 0.090000 ms MarkObjects: 2.144700 ms  DeleteObjects: 0.113900 ms)

AssetImportParameters requested are different than current active one (requested -> active):
  custom:video-decoder-ogg-theora: a1e56fd34408186e4bbccfd4996cb3dc -> 
  custom:container-muxer-webm: aa71ff27fc2769a1b78a27578f13a17b -> 
  custom:container-demuxer-webm: 4f35f7cbe854078d1ac9338744f61a02 -> 
  custom:video-encoder-webm-vp8: eb34c28f22e8b96e1ab97ce403110664 -> 
  custom:audio-encoder-webm-vorbis: bf7c407c2cedff20999df2af8eb42d56 -> 
  custom:framework-win-MediaFoundation: 216162199b28c13a410421893ffa2e32 -> 
  custom:container-demuxer-ogg: 62fdf1f143b41e24485cea50d1cbac27 -> 
  custom:video-decoder-webm-vp8: 9c59270c3fd7afecdb556c50c9e8de78 -> 
  custom:audio-decoder-ogg-vorbis: bf7c407c2cedff20999df2af8eb42d56 -> 
========================================================================
Received Import Request.
  Time since last request: 1153647.650218 seconds.
  path: Assets/Character/Animations/Running Jump.fbx
  artifactKey: Guid(56ba4c606247d854a8af5c5b432ace7a) Importer(815301076,1909f56bfc062723c751e8b465ee728b)
Start importing Assets/Character/Animations/Running Jump.fbx using Guid(56ba4c606247d854a8af5c5b432ace7a) Importer(815301076,1909f56bfc062723c751e8b465ee728b)  -> (artifact id: 'fcec895ea7e7765f9272154e061e4463') in 0.060544 seconds 
========================================================================
Received Import Request.
  Time since last request: 14.626974 seconds.
  path: Assets/Character/Animations/Running Jump.fbx
  artifactKey: Guid(56ba4c606247d854a8af5c5b432ace7a) Importer(815301076,1909f56bfc062723c751e8b465ee728b)
Start importing Assets/Character/Animations/Running Jump.fbx using Guid(56ba4c606247d854a8af5c5b432ace7a) Importer(815301076,1909f56bfc062723c751e8b465ee728b)  -> (artifact id: '08dbb747f3dc07a2703fd5e1c427b6d5') in 0.004365 seconds 
========================================================================
Received Import Request.
  Time since last request: 6.749806 seconds.
  path: Assets/Character/Animations/Walking.fbx
  artifactKey: Guid(e9936bd0106f68647a7bc3f73aab2b3f) Importer(815301076,1909f56bfc062723c751e8b465ee728b)
Start importing Assets/Character/Animations/Walking.fbx using Guid(e9936bd0106f68647a7bc3f73aab2b3f) Importer(815301076,1909f56bfc062723c751e8b465ee728b)  -> (artifact id: 'f68f7c1af3b613e15e2f0146ff297852') in 0.004004 seconds 
========================================================================
Received Import Request.
  Time since last request: 5.439994 seconds.
  path: Assets/Character/Animations/PlayerOne.controller
  artifactKey: Guid(ab397bf35b138244eb6b35cecfc3092b) Importer(815301076,1909f56bfc062723c751e8b465ee728b)
Start importing Assets/Character/Animations/PlayerOne.controller using Guid(ab397bf35b138244eb6b35cecfc3092b) Importer(815301076,1909f56bfc062723c751e8b465ee728b)  -> (artifact id: '3ce31c499680bc6e87683f42f81260ea') in 0.009581 seconds 
========================================================================
Received Import Request.
  Time since last request: 76.550400 seconds.
  path: Assets/Character/Animations/Walking.fbx
  artifactKey: Guid(e9936bd0106f68647a7bc3f73aab2b3f) Importer(815301076,1909f56bfc062723c751e8b465ee728b)
Start importing Assets/Character/Animations/Walking.fbx using Guid(e9936bd0106f68647a7bc3f73aab2b3f) Importer(815301076,1909f56bfc062723c751e8b465ee728b)  -> (artifact id: '60fbb02c59263d9d7606816d890d1a46') in 0.004787 seconds 
========================================================================
Received Import Request.
  Time since last request: 11.332719 seconds.
  path: Assets/Character/Animations/Walking.fbx
  artifactKey: Guid(e9936bd0106f68647a7bc3f73aab2b3f) Importer(815301076,1909f56bfc062723c751e8b465ee728b)
Start importing Assets/Character/Animations/Walking.fbx using Guid(e9936bd0106f68647a7bc3f73aab2b3f) Importer(815301076,1909f56bfc062723c751e8b465ee728b)  -> (artifact id: 'c78b0c32160c5574367712389162ae17') in 0.003742 seconds 
========================================================================
Received Import Request.
  Time since last request: 7.614343 seconds.
  path: Assets/Character/Animations/Walking.fbx
  artifactKey: Guid(e9936bd0106f68647a7bc3f73aab2b3f) Importer(815301076,1909f56bfc062723c751e8b465ee728b)
Start importing Assets/Character/Animations/Walking.fbx using Guid(e9936bd0106f68647a7bc3f73aab2b3f) Importer(815301076,1909f56bfc062723c751e8b465ee728b)  -> (artifact id: '02b4959c363853c88cf9a1f436a8a6ab') in 0.005011 seconds 
========================================================================
Received Import Request.
  Time since last request: 8.035749 seconds.
  path: Assets/Character/Animations/Running Jump.fbx
  artifactKey: Guid(56ba4c606247d854a8af5c5b432ace7a) Importer(815301076,1909f56bfc062723c751e8b465ee728b)
Start importing Assets/Character/Animations/Running Jump.fbx using Guid(56ba4c606247d854a8af5c5b432ace7a) Importer(815301076,1909f56bfc062723c751e8b465ee728b)  -> (artifact id: '71533fa97e3a98d5efa5f44475b05538') in 0.003947 seconds 
========================================================================
Received Import Request.
  Time since last request: 31.324127 seconds.
  path: Assets/Character/Animations/Jump.fbx
  artifactKey: Guid(56ba4c606247d854a8af5c5b432ace7a) Importer(815301076,1909f56bfc062723c751e8b465ee728b)
Start importing Assets/Character/Animations/Jump.fbx using Guid(56ba4c606247d854a8af5c5b432ace7a) Importer(815301076,1909f56bfc062723c751e8b465ee728b)  -> (artifact id: '62158f2d0832589310dab3cd00cfec72') in 0.008208 seconds 
========================================================================
Received Prepare
Registering precompiled user dll's ...
Registered in 0.003367 seconds.
Begin MonoManager ReloadAssembly
Symbol file LoadedFromMemory doesn't match image D:\UnityFile\Last-Fight\Last-Fight\Last Fight\Library\PackageCache\com.unity.visualscripting@1.8.0\Editor\VisualScripting.Core\Dependencies\YamlDotNet\Unity.VisualScripting.YamlDotNet.dll
Symbol file LoadedFromMemory doesn't match image D:\UnityFile\Last-Fight\Last-Fight\Last Fight\Library\PackageCache\com.unity.visualscripting@1.8.0\Editor\VisualScripting.Core\Dependencies\DotNetZip\Unity.VisualScripting.IonicZip.dll
Native extension for WindowsStandalone target not found
Native extension for iOS target not found
Native extension for Android target not found
Refreshing native plugins compatible for Editor in 0.54 ms, found 3 plugins.
Preloading 0 native plugins for Editor in 0.00 ms.
Mono: successfully reloaded assembly
- Completed reload, in  0.841 seconds
Domain Reload Profiling:
	ReloadAssembly (841ms)
		BeginReloadAssembly (127ms)
			ExecutionOrderSort (0ms)
			DisableScriptedObjects (4ms)
			BackupInstance (0ms)
			ReleaseScriptingObjects (0ms)
			CreateAndSetChildDomain (33ms)
		EndReloadAssembly (638ms)
			LoadAssemblies (77ms)
			RebuildTransferFunctionScriptingTraits (0ms)
			SetupTypeCache (201ms)
			ReleaseScriptCaches (1ms)
			RebuildScriptCaches (39ms)
			SetupLoadedEditorAssemblies (292ms)
				LogAssemblyErrors (0ms)
				InitializePlatformSupportModulesInManaged (25ms)
				SetLoadedEditorAssemblies (0ms)
				RefreshPlugins (1ms)
				BeforeProcessingInitializeOnLoad (60ms)
				ProcessInitializeOnLoadAttributes (178ms)
				ProcessInitializeOnLoadMethodAttributes (18ms)
				AfterProcessingInitializeOnLoad (10ms)
				EditorAssembliesLoaded (0ms)
			ExecutionOrderSort2 (0ms)
			AwakeInstancesAfterBackupRestoration (5ms)
Platform modules already initialized, skipping
Refreshing native plugins compatible for Editor in 1.29 ms, found 3 plugins.
Preloading 0 native plugins for Editor in 0.00 ms.
Unloading 3079 Unused Serialized files (Serialized files now loaded: 0)
Unloading 17 unused Assets / (80.2 KB). Loaded Objects now: 3564.
Memory consumption went from 109.6 MB to 109.5 MB.
Total: 2.819700 ms (FindLiveObjects: 0.200500 ms CreateObjectMapping: 0.151900 ms MarkObjects: 2.383300 ms  DeleteObjects: 0.083000 ms)

AssetImportParameters requested are different than current active one (requested -> active):
  custom:video-decoder-ogg-theora: a1e56fd34408186e4bbccfd4996cb3dc -> 
  custom:container-muxer-webm: aa71ff27fc2769a1b78a27578f13a17b -> 
  custom:container-demuxer-webm: 4f35f7cbe854078d1ac9338744f61a02 -> 
  custom:video-encoder-webm-vp8: eb34c28f22e8b96e1ab97ce403110664 -> 
  custom:audio-encoder-webm-vorbis: bf7c407c2cedff20999df2af8eb42d56 -> 
  custom:framework-win-MediaFoundation: 216162199b28c13a410421893ffa2e32 -> 
  custom:container-demuxer-ogg: 62fdf1f143b41e24485cea50d1cbac27 -> 
  custom:video-decoder-webm-vp8: 9c59270c3fd7afecdb556c50c9e8de78 -> 
  custom:audio-decoder-ogg-vorbis: bf7c407c2cedff20999df2af8eb42d56 -> 
========================================================================
Received Prepare
Registering precompiled user dll's ...
Registered in 0.003096 seconds.
Begin MonoManager ReloadAssembly
Symbol file LoadedFromMemory doesn't match image D:\UnityFile\Last-Fight\Last-Fight\Last Fight\Library\PackageCache\com.unity.visualscripting@1.8.0\Editor\VisualScripting.Core\Dependencies\YamlDotNet\Unity.VisualScripting.YamlDotNet.dll
Symbol file LoadedFromMemory doesn't match image D:\UnityFile\Last-Fight\Last-Fight\Last Fight\Library\PackageCache\com.unity.visualscripting@1.8.0\Editor\VisualScripting.Core\Dependencies\DotNetZip\Unity.VisualScripting.IonicZip.dll
Native extension for WindowsStandalone target not found
Native extension for iOS target not found
Native extension for Android target not found
Refreshing native plugins compatible for Editor in 0.85 ms, found 3 plugins.
Preloading 0 native plugins for Editor in 0.00 ms.
Mono: successfully reloaded assembly
- Completed reload, in  0.871 seconds
Domain Reload Profiling:
	ReloadAssembly (871ms)
		BeginReloadAssembly (125ms)
			ExecutionOrderSort (0ms)
			DisableScriptedObjects (6ms)
			BackupInstance (0ms)
			ReleaseScriptingObjects (0ms)
			CreateAndSetChildDomain (32ms)
		EndReloadAssembly (671ms)
			LoadAssemblies (74ms)
			RebuildTransferFunctionScriptingTraits (0ms)
			SetupTypeCache (205ms)
			ReleaseScriptCaches (1ms)
			RebuildScriptCaches (41ms)
			SetupLoadedEditorAssemblies (308ms)
				LogAssemblyErrors (0ms)
				InitializePlatformSupportModulesInManaged (31ms)
				SetLoadedEditorAssemblies (0ms)
				RefreshPlugins (1ms)
				BeforeProcessingInitializeOnLoad (63ms)
				ProcessInitializeOnLoadAttributes (185ms)
				ProcessInitializeOnLoadMethodAttributes (19ms)
				AfterProcessingInitializeOnLoad (9ms)
				EditorAssembliesLoaded (0ms)
			ExecutionOrderSort2 (0ms)
			AwakeInstancesAfterBackupRestoration (5ms)
Platform modules already initialized, skipping
Refreshing native plugins compatible for Editor in 1.83 ms, found 3 plugins.
Preloading 0 native plugins for Editor in 0.00 ms.
Unloading 3079 Unused Serialized files (Serialized files now loaded: 0)
Unloading 17 unused Assets / (80.0 KB). Loaded Objects now: 3567.
Memory consumption went from 109.7 MB to 109.6 MB.
Total: 3.446700 ms (FindLiveObjects: 0.243500 ms CreateObjectMapping: 0.168900 ms MarkObjects: 2.941100 ms  DeleteObjects: 0.092100 ms)

AssetImportParameters requested are different than current active one (requested -> active):
  custom:video-decoder-ogg-theora: a1e56fd34408186e4bbccfd4996cb3dc -> 
  custom:container-muxer-webm: aa71ff27fc2769a1b78a27578f13a17b -> 
  custom:container-demuxer-webm: 4f35f7cbe854078d1ac9338744f61a02 -> 
  custom:video-encoder-webm-vp8: eb34c28f22e8b96e1ab97ce403110664 -> 
  custom:audio-encoder-webm-vorbis: bf7c407c2cedff20999df2af8eb42d56 -> 
  custom:framework-win-MediaFoundation: 216162199b28c13a410421893ffa2e32 -> 
  custom:container-demuxer-ogg: 62fdf1f143b41e24485cea50d1cbac27 -> 
  custom:video-decoder-webm-vp8: 9c59270c3fd7afecdb556c50c9e8de78 -> 
  custom:audio-decoder-ogg-vorbis: bf7c407c2cedff20999df2af8eb42d56 -> 
========================================================================
Received Prepare
Registering precompiled user dll's ...
Registered in 0.003300 seconds.
Begin MonoManager ReloadAssembly
Symbol file LoadedFromMemory doesn't match image D:\UnityFile\Last-Fight\Last-Fight\Last Fight\Library\PackageCache\com.unity.visualscripting@1.8.0\Editor\VisualScripting.Core\Dependencies\YamlDotNet\Unity.VisualScripting.YamlDotNet.dll
Symbol file LoadedFromMemory doesn't match image D:\UnityFile\Last-Fight\Last-Fight\Last Fight\Library\PackageCache\com.unity.visualscripting@1.8.0\Editor\VisualScripting.Core\Dependencies\DotNetZip\Unity.VisualScripting.IonicZip.dll
Native extension for WindowsStandalone target not found
Native extension for iOS target not found
Native extension for Android target not found
Refreshing native plugins compatible for Editor in 0.67 ms, found 3 plugins.
Preloading 0 native plugins for Editor in 0.00 ms.
Mono: successfully reloaded assembly
- Completed reload, in  0.858 seconds
Domain Reload Profiling:
	ReloadAssembly (859ms)
		BeginReloadAssembly (130ms)
			ExecutionOrderSort (0ms)
			DisableScriptedObjects (5ms)
			BackupInstance (0ms)
			ReleaseScriptingObjects (0ms)
			CreateAndSetChildDomain (34ms)
		EndReloadAssembly (652ms)
			LoadAssemblies (80ms)
			RebuildTransferFunctionScriptingTraits (0ms)
			SetupTypeCache (209ms)
			ReleaseScriptCaches (1ms)
			RebuildScriptCaches (39ms)
			SetupLoadedEditorAssemblies (286ms)
				LogAssemblyErrors (0ms)
				InitializePlatformSupportModulesInManaged (26ms)
				SetLoadedEditorAssemblies (0ms)
				RefreshPlugins (1ms)
				BeforeProcessingInitializeOnLoad (56ms)
				ProcessInitializeOnLoadAttributes (175ms)
				ProcessInitializeOnLoadMethodAttributes (19ms)
				AfterProcessingInitializeOnLoad (8ms)
				EditorAssembliesLoaded (0ms)
			ExecutionOrderSort2 (0ms)
			AwakeInstancesAfterBackupRestoration (7ms)
Platform modules already initialized, skipping
Refreshing native plugins compatible for Editor in 1.60 ms, found 3 plugins.
Preloading 0 native plugins for Editor in 0.00 ms.
Unloading 3079 Unused Serialized files (Serialized files now loaded: 0)
Unloading 17 unused Assets / (80.0 KB). Loaded Objects now: 3570.
Memory consumption went from 109.7 MB to 109.6 MB.
Total: 3.588600 ms (FindLiveObjects: 0.408800 ms CreateObjectMapping: 0.238400 ms MarkObjects: 2.847300 ms  DeleteObjects: 0.093000 ms)

AssetImportParameters requested are different than current active one (requested -> active):
  custom:video-decoder-ogg-theora: a1e56fd34408186e4bbccfd4996cb3dc -> 
  custom:container-muxer-webm: aa71ff27fc2769a1b78a27578f13a17b -> 
  custom:container-demuxer-webm: 4f35f7cbe854078d1ac9338744f61a02 -> 
  custom:video-encoder-webm-vp8: eb34c28f22e8b96e1ab97ce403110664 -> 
  custom:audio-encoder-webm-vorbis: bf7c407c2cedff20999df2af8eb42d56 -> 
  custom:framework-win-MediaFoundation: 216162199b28c13a410421893ffa2e32 -> 
  custom:container-demuxer-ogg: 62fdf1f143b41e24485cea50d1cbac27 -> 
  custom:video-decoder-webm-vp8: 9c59270c3fd7afecdb556c50c9e8de78 -> 
  custom:audio-decoder-ogg-vorbis: bf7c407c2cedff20999df2af8eb42d56 -> 
========================================================================
Received Prepare
Registering precompiled user dll's ...
Registered in 0.002988 seconds.
Begin MonoManager ReloadAssembly
Symbol file LoadedFromMemory doesn't match image D:\UnityFile\Last-Fight\Last-Fight\Last Fight\Library\PackageCache\com.unity.visualscripting@1.8.0\Editor\VisualScripting.Core\Dependencies\YamlDotNet\Unity.VisualScripting.YamlDotNet.dll
Symbol file LoadedFromMemory doesn't match image D:\UnityFile\Last-Fight\Last-Fight\Last Fight\Library\PackageCache\com.unity.visualscripting@1.8.0\Editor\VisualScripting.Core\Dependencies\DotNetZip\Unity.VisualScripting.IonicZip.dll
Native extension for WindowsStandalone target not found
Native extension for iOS target not found
Native extension for Android target not found
Refreshing native plugins compatible for Editor in 0.67 ms, found 3 plugins.
Preloading 0 native plugins for Editor in 0.00 ms.
Mono: successfully reloaded assembly
- Completed reload, in  0.830 seconds
Domain Reload Profiling:
	ReloadAssembly (831ms)
		BeginReloadAssembly (127ms)
			ExecutionOrderSort (0ms)
			DisableScriptedObjects (5ms)
			BackupInstance (0ms)
			ReleaseScriptingObjects (0ms)
			CreateAndSetChildDomain (31ms)
		EndReloadAssembly (626ms)
			LoadAssemblies (79ms)
			RebuildTransferFunctionScriptingTraits (0ms)
			SetupTypeCache (199ms)
			ReleaseScriptCaches (1ms)
			RebuildScriptCaches (38ms)
			SetupLoadedEditorAssemblies (286ms)
				LogAssemblyErrors (0ms)
				InitializePlatformSupportModulesInManaged (29ms)
				SetLoadedEditorAssemblies (0ms)
				RefreshPlugins (1ms)
				BeforeProcessingInitializeOnLoad (56ms)
				ProcessInitializeOnLoadAttributes (174ms)
				ProcessInitializeOnLoadMethodAttributes (16ms)
				AfterProcessingInitializeOnLoad (9ms)
				EditorAssembliesLoaded (0ms)
			ExecutionOrderSort2 (0ms)
			AwakeInstancesAfterBackupRestoration (5ms)
Platform modules already initialized, skipping
Refreshing native plugins compatible for Editor in 1.23 ms, found 3 plugins.
Preloading 0 native plugins for Editor in 0.00 ms.
Unloading 3079 Unused Serialized files (Serialized files now loaded: 0)
Unloading 17 unused Assets / (80.0 KB). Loaded Objects now: 3573.
Memory consumption went from 109.7 MB to 109.6 MB.
Total: 3.031000 ms (FindLiveObjects: 0.764500 ms CreateObjectMapping: 0.127000 ms MarkObjects: 2.074300 ms  DeleteObjects: 0.064800 ms)

AssetImportParameters requested are different than current active one (requested -> active):
  custom:video-decoder-ogg-theora: a1e56fd34408186e4bbccfd4996cb3dc -> 
  custom:container-muxer-webm: aa71ff27fc2769a1b78a27578f13a17b -> 
  custom:container-demuxer-webm: 4f35f7cbe854078d1ac9338744f61a02 -> 
  custom:video-encoder-webm-vp8: eb34c28f22e8b96e1ab97ce403110664 -> 
  custom:audio-encoder-webm-vorbis: bf7c407c2cedff20999df2af8eb42d56 -> 
  custom:framework-win-MediaFoundation: 216162199b28c13a410421893ffa2e32 -> 
  custom:container-demuxer-ogg: 62fdf1f143b41e24485cea50d1cbac27 -> 
  custom:video-decoder-webm-vp8: 9c59270c3fd7afecdb556c50c9e8de78 -> 
  custom:audio-decoder-ogg-vorbis: bf7c407c2cedff20999df2af8eb42d56 -> 
========================================================================
Received Import Request.
  Time since last request: 219.085460 seconds.
  path: Assets/Character/Animations/Walking.fbx
  artifactKey: Guid(e9936bd0106f68647a7bc3f73aab2b3f) Importer(815301076,1909f56bfc062723c751e8b465ee728b)
Start importing Assets/Character/Animations/Walking.fbx using Guid(e9936bd0106f68647a7bc3f73aab2b3f) Importer(815301076,1909f56bfc062723c751e8b465ee728b)  -> (artifact id: 'e710f15fe0808318fb01ad9b642520ff') in 0.032329 seconds 
========================================================================
Received Prepare
Registering precompiled user dll's ...
Registered in 0.002949 seconds.
Begin MonoManager ReloadAssembly
Symbol file LoadedFromMemory doesn't match image D:\UnityFile\Last-Fight\Last-Fight\Last Fight\Library\PackageCache\com.unity.visualscripting@1.8.0\Editor\VisualScripting.Core\Dependencies\YamlDotNet\Unity.VisualScripting.YamlDotNet.dll
Symbol file LoadedFromMemory doesn't match image D:\UnityFile\Last-Fight\Last-Fight\Last Fight\Library\PackageCache\com.unity.visualscripting@1.8.0\Editor\VisualScripting.Core\Dependencies\DotNetZip\Unity.VisualScripting.IonicZip.dll
Native extension for WindowsStandalone target not found
Native extension for iOS target not found
Native extension for Android target not found
Refreshing native plugins compatible for Editor in 0.57 ms, found 3 plugins.
Preloading 0 native plugins for Editor in 0.00 ms.
Mono: successfully reloaded assembly
- Completed reload, in  0.811 seconds
Domain Reload Profiling:
	ReloadAssembly (812ms)
		BeginReloadAssembly (125ms)
			ExecutionOrderSort (0ms)
			DisableScriptedObjects (4ms)
			BackupInstance (0ms)
			ReleaseScriptingObjects (0ms)
			CreateAndSetChildDomain (33ms)
		EndReloadAssembly (611ms)
			LoadAssemblies (77ms)
			RebuildTransferFunctionScriptingTraits (0ms)
			SetupTypeCache (190ms)
			ReleaseScriptCaches (1ms)
			RebuildScriptCaches (35ms)
			SetupLoadedEditorAssemblies (282ms)
				LogAssemblyErrors (0ms)
				InitializePlatformSupportModulesInManaged (25ms)
				SetLoadedEditorAssemblies (0ms)
				RefreshPlugins (1ms)
				BeforeProcessingInitializeOnLoad (54ms)
				ProcessInitializeOnLoadAttributes (172ms)
				ProcessInitializeOnLoadMethodAttributes (21ms)
				AfterProcessingInitializeOnLoad (8ms)
				EditorAssembliesLoaded (0ms)
			ExecutionOrderSort2 (0ms)
			AwakeInstancesAfterBackupRestoration (5ms)
Platform modules already initialized, skipping
Refreshing native plugins compatible for Editor in 1.41 ms, found 3 plugins.
Preloading 0 native plugins for Editor in 0.00 ms.
Unloading 3079 Unused Serialized files (Serialized files now loaded: 0)
Unloading 17 unused Assets / (80.1 KB). Loaded Objects now: 3576.
Memory consumption went from 109.7 MB to 109.6 MB.
Total: 2.754500 ms (FindLiveObjects: 0.217800 ms CreateObjectMapping: 0.158000 ms MarkObjects: 2.246500 ms  DeleteObjects: 0.131200 ms)

AssetImportParameters requested are different than current active one (requested -> active):
  custom:video-decoder-ogg-theora: a1e56fd34408186e4bbccfd4996cb3dc -> 
  custom:container-muxer-webm: aa71ff27fc2769a1b78a27578f13a17b -> 
  custom:container-demuxer-webm: 4f35f7cbe854078d1ac9338744f61a02 -> 
  custom:video-encoder-webm-vp8: eb34c28f22e8b96e1ab97ce403110664 -> 
  custom:audio-encoder-webm-vorbis: bf7c407c2cedff20999df2af8eb42d56 -> 
  custom:framework-win-MediaFoundation: 216162199b28c13a410421893ffa2e32 -> 
  custom:container-demuxer-ogg: 62fdf1f143b41e24485cea50d1cbac27 -> 
  custom:video-decoder-webm-vp8: 9c59270c3fd7afecdb556c50c9e8de78 -> 
  custom:audio-decoder-ogg-vorbis: bf7c407c2cedff20999df2af8eb42d56 -> 
========================================================================
Received Prepare
Registering precompiled user dll's ...
Registered in 0.002805 seconds.
Begin MonoManager ReloadAssembly
Symbol file LoadedFromMemory doesn't match image D:\UnityFile\Last-Fight\Last-Fight\Last Fight\Library\PackageCache\com.unity.visualscripting@1.8.0\Editor\VisualScripting.Core\Dependencies\YamlDotNet\Unity.VisualScripting.YamlDotNet.dll
Symbol file LoadedFromMemory doesn't match image D:\UnityFile\Last-Fight\Last-Fight\Last Fight\Library\PackageCache\com.unity.visualscripting@1.8.0\Editor\VisualScripting.Core\Dependencies\DotNetZip\Unity.VisualScripting.IonicZip.dll
Native extension for WindowsStandalone target not found
Native extension for iOS target not found
Native extension for Android target not found
Refreshing native plugins compatible for Editor in 0.95 ms, found 3 plugins.
Preloading 0 native plugins for Editor in 0.00 ms.
Mono: successfully reloaded assembly
- Completed reload, in  0.817 seconds
Domain Reload Profiling:
	ReloadAssembly (818ms)
		BeginReloadAssembly (126ms)
			ExecutionOrderSort (0ms)
			DisableScriptedObjects (5ms)
			BackupInstance (0ms)
			ReleaseScriptingObjects (0ms)
			CreateAndSetChildDomain (32ms)
		EndReloadAssembly (616ms)
			LoadAssemblies (78ms)
			RebuildTransferFunctionScriptingTraits (0ms)
			SetupTypeCache (193ms)
			ReleaseScriptCaches (1ms)
			RebuildScriptCaches (35ms)
			SetupLoadedEditorAssemblies (283ms)
				LogAssemblyErrors (0ms)
				InitializePlatformSupportModulesInManaged (27ms)
				SetLoadedEditorAssemblies (1ms)
				RefreshPlugins (1ms)
				BeforeProcessingInitializeOnLoad (58ms)
				ProcessInitializeOnLoadAttributes (168ms)
				ProcessInitializeOnLoadMethodAttributes (18ms)
				AfterProcessingInitializeOnLoad (10ms)
				EditorAssembliesLoaded (0ms)
			ExecutionOrderSort2 (0ms)
			AwakeInstancesAfterBackupRestoration (6ms)
Platform modules already initialized, skipping
Refreshing native plugins compatible for Editor in 1.70 ms, found 3 plugins.
Preloading 0 native plugins for Editor in 0.00 ms.
Unloading 3079 Unused Serialized files (Serialized files now loaded: 0)
Unloading 17 unused Assets / (80.0 KB). Loaded Objects now: 3579.
Memory consumption went from 109.7 MB to 109.6 MB.
Total: 3.719400 ms (FindLiveObjects: 0.219900 ms CreateObjectMapping: 0.166300 ms MarkObjects: 3.239000 ms  DeleteObjects: 0.093500 ms)

AssetImportParameters requested are different than current active one (requested -> active):
  custom:video-decoder-ogg-theora: a1e56fd34408186e4bbccfd4996cb3dc -> 
  custom:container-muxer-webm: aa71ff27fc2769a1b78a27578f13a17b -> 
  custom:container-demuxer-webm: 4f35f7cbe854078d1ac9338744f61a02 -> 
  custom:video-encoder-webm-vp8: eb34c28f22e8b96e1ab97ce403110664 -> 
  custom:audio-encoder-webm-vorbis: bf7c407c2cedff20999df2af8eb42d56 -> 
  custom:framework-win-MediaFoundation: 216162199b28c13a410421893ffa2e32 -> 
  custom:container-demuxer-ogg: 62fdf1f143b41e24485cea50d1cbac27 -> 
  custom:video-decoder-webm-vp8: 9c59270c3fd7afecdb556c50c9e8de78 -> 
  custom:audio-decoder-ogg-vorbis: bf7c407c2cedff20999df2af8eb42d56 -> 
========================================================================
Received Prepare
Registering precompiled user dll's ...
Registered in 0.003537 seconds.
Begin MonoManager ReloadAssembly
Symbol file LoadedFromMemory doesn't match image D:\UnityFile\Last-Fight\Last-Fight\Last Fight\Library\PackageCache\com.unity.visualscripting@1.8.0\Editor\VisualScripting.Core\Dependencies\YamlDotNet\Unity.VisualScripting.YamlDotNet.dll
Symbol file LoadedFromMemory doesn't match image D:\UnityFile\Last-Fight\Last-Fight\Last Fight\Library\PackageCache\com.unity.visualscripting@1.8.0\Editor\VisualScripting.Core\Dependencies\DotNetZip\Unity.VisualScripting.IonicZip.dll
Native extension for WindowsStandalone target not found
Native extension for iOS target not found
Native extension for Android target not found
Refreshing native plugins compatible for Editor in 0.58 ms, found 3 plugins.
Preloading 0 native plugins for Editor in 0.00 ms.
Mono: successfully reloaded assembly
- Completed reload, in  0.820 seconds
Domain Reload Profiling:
	ReloadAssembly (821ms)
		BeginReloadAssembly (124ms)
			ExecutionOrderSort (0ms)
			DisableScriptedObjects (5ms)
			BackupInstance (0ms)
			ReleaseScriptingObjects (0ms)
			CreateAndSetChildDomain (30ms)
		EndReloadAssembly (621ms)
			LoadAssemblies (80ms)
			RebuildTransferFunctionScriptingTraits (0ms)
			SetupTypeCache (189ms)
			ReleaseScriptCaches (1ms)
			RebuildScriptCaches (35ms)
			SetupLoadedEditorAssemblies (285ms)
				LogAssemblyErrors (0ms)
				InitializePlatformSupportModulesInManaged (26ms)
				SetLoadedEditorAssemblies (0ms)
				RefreshPlugins (1ms)
				BeforeProcessingInitializeOnLoad (58ms)
				ProcessInitializeOnLoadAttributes (173ms)
				ProcessInitializeOnLoadMethodAttributes (18ms)
				AfterProcessingInitializeOnLoad (9ms)
				EditorAssembliesLoaded (0ms)
			ExecutionOrderSort2 (0ms)
			AwakeInstancesAfterBackupRestoration (6ms)
Platform modules already initialized, skipping
Refreshing native plugins compatible for Editor in 1.76 ms, found 3 plugins.
Preloading 0 native plugins for Editor in 0.00 ms.
Unloading 3079 Unused Serialized files (Serialized files now loaded: 0)
Unloading 17 unused Assets / (80.0 KB). Loaded Objects now: 3582.
Memory consumption went from 109.7 MB to 109.6 MB.
Total: 2.822100 ms (FindLiveObjects: 0.245500 ms CreateObjectMapping: 0.188600 ms MarkObjects: 2.298300 ms  DeleteObjects: 0.088900 ms)

AssetImportParameters requested are different than current active one (requested -> active):
  custom:video-decoder-ogg-theora: a1e56fd34408186e4bbccfd4996cb3dc -> 
  custom:container-muxer-webm: aa71ff27fc2769a1b78a27578f13a17b -> 
  custom:container-demuxer-webm: 4f35f7cbe854078d1ac9338744f61a02 -> 
  custom:video-encoder-webm-vp8: eb34c28f22e8b96e1ab97ce403110664 -> 
  custom:audio-encoder-webm-vorbis: bf7c407c2cedff20999df2af8eb42d56 -> 
  custom:framework-win-MediaFoundation: 216162199b28c13a410421893ffa2e32 -> 
  custom:container-demuxer-ogg: 62fdf1f143b41e24485cea50d1cbac27 -> 
  custom:video-decoder-webm-vp8: 9c59270c3fd7afecdb556c50c9e8de78 -> 
  custom:audio-decoder-ogg-vorbis: bf7c407c2cedff20999df2af8eb42d56 -> 
========================================================================
Received Prepare
Registering precompiled user dll's ...
Registered in 0.003306 seconds.
Begin MonoManager ReloadAssembly
Symbol file LoadedFromMemory doesn't match image D:\UnityFile\Last-Fight\Last-Fight\Last Fight\Library\PackageCache\com.unity.visualscripting@1.8.0\Editor\VisualScripting.Core\Dependencies\YamlDotNet\Unity.VisualScripting.YamlDotNet.dll
Symbol file LoadedFromMemory doesn't match image D:\UnityFile\Last-Fight\Last-Fight\Last Fight\Library\PackageCache\com.unity.visualscripting@1.8.0\Editor\VisualScripting.Core\Dependencies\DotNetZip\Unity.VisualScripting.IonicZip.dll
Native extension for WindowsStandalone target not found
Native extension for iOS target not found
Native extension for Android target not found
Refreshing native plugins compatible for Editor in 0.61 ms, found 3 plugins.
Preloading 0 native plugins for Editor in 0.00 ms.
Mono: successfully reloaded assembly
- Completed reload, in  0.835 seconds
Domain Reload Profiling:
	ReloadAssembly (836ms)
		BeginReloadAssembly (123ms)
			ExecutionOrderSort (0ms)
			DisableScriptedObjects (5ms)
			BackupInstance (0ms)
			ReleaseScriptingObjects (0ms)
			CreateAndSetChildDomain (31ms)
		EndReloadAssembly (638ms)
			LoadAssemblies (76ms)
			RebuildTransferFunctionScriptingTraits (0ms)
			SetupTypeCache (200ms)
			ReleaseScriptCaches (1ms)
			RebuildScriptCaches (34ms)
			SetupLoadedEditorAssemblies (295ms)
				LogAssemblyErrors (0ms)
				InitializePlatformSupportModulesInManaged (31ms)
				SetLoadedEditorAssemblies (0ms)
				RefreshPlugins (1ms)
				BeforeProcessingInitializeOnLoad (56ms)
				ProcessInitializeOnLoadAttributes (176ms)
				ProcessInitializeOnLoadMethodAttributes (20ms)
				AfterProcessingInitializeOnLoad (11ms)
				EditorAssembliesLoaded (0ms)
			ExecutionOrderSort2 (0ms)
			AwakeInstancesAfterBackupRestoration (6ms)
Platform modules already initialized, skipping
Refreshing native plugins compatible for Editor in 1.45 ms, found 3 plugins.
Preloading 0 native plugins for Editor in 0.00 ms.
Unloading 3079 Unused Serialized files (Serialized files now loaded: 0)
Unloading 17 unused Assets / (80.1 KB). Loaded Objects now: 3585.
Memory consumption went from 109.7 MB to 109.6 MB.
Total: 2.849200 ms (FindLiveObjects: 0.215100 ms CreateObjectMapping: 0.170600 ms MarkObjects: 2.365900 ms  DeleteObjects: 0.096700 ms)

AssetImportParameters requested are different than current active one (requested -> active):
  custom:video-decoder-ogg-theora: a1e56fd34408186e4bbccfd4996cb3dc -> 
  custom:container-muxer-webm: aa71ff27fc2769a1b78a27578f13a17b -> 
  custom:container-demuxer-webm: 4f35f7cbe854078d1ac9338744f61a02 -> 
  custom:video-encoder-webm-vp8: eb34c28f22e8b96e1ab97ce403110664 -> 
  custom:audio-encoder-webm-vorbis: bf7c407c2cedff20999df2af8eb42d56 -> 
  custom:framework-win-MediaFoundation: 216162199b28c13a410421893ffa2e32 -> 
  custom:container-demuxer-ogg: 62fdf1f143b41e24485cea50d1cbac27 -> 
  custom:video-decoder-webm-vp8: 9c59270c3fd7afecdb556c50c9e8de78 -> 
  custom:audio-decoder-ogg-vorbis: bf7c407c2cedff20999df2af8eb42d56 -> 
========================================================================
Received Import Request.
  Time since last request: 334.814690 seconds.
  path: Assets/Character/Sword_1.fbx
  artifactKey: Guid(a40f8210a7a62e84697c75d7e9dbb06e) Importer(815301076,1909f56bfc062723c751e8b465ee728b)
Start importing Assets/Character/Sword_1.fbx using Guid(a40f8210a7a62e84697c75d7e9dbb06e) Importer(815301076,1909f56bfc062723c751e8b465ee728b)  -> (artifact id: 'de1006b163e832d207c350884e17aa90') in 0.140909 seconds 
========================================================================
Received Import Request.
  Time since last request: 9.779427 seconds.
  path: Assets/Character/Sword_1.fbx
  artifactKey: Guid(a40f8210a7a62e84697c75d7e9dbb06e) Importer(815301076,1909f56bfc062723c751e8b465ee728b)
Start importing Assets/Character/Sword_1.fbx using Guid(a40f8210a7a62e84697c75d7e9dbb06e) Importer(815301076,1909f56bfc062723c751e8b465ee728b)  -> (artifact id: 'a017ce68e8eb21b95ee286cffffec9bb') in 0.048741 seconds 
========================================================================
Received Import Request.
  Time since last request: 103.317338 seconds.
  path: Assets/Character/serious-shotgun
  artifactKey: Guid(16535d1b7e1b51d449eb1681f9b5d71b) Importer(815301076,1909f56bfc062723c751e8b465ee728b)
Start importing Assets/Character/serious-shotgun using Guid(16535d1b7e1b51d449eb1681f9b5d71b) Importer(815301076,1909f56bfc062723c751e8b465ee728b)  -> (artifact id: '7a998d5fa7f7ac4e12ad101f2eea9c27') in 0.005969 seconds 
========================================================================
Received Import Request.
  Time since last request: 0.108732 seconds.
  path: Assets/Character/serious-shotgun/shotgun_mv.fbx
  artifactKey: Guid(67efcedb9286fa647b34bd9b565a6af1) Importer(815301076,1909f56bfc062723c751e8b465ee728b)
Start importing Assets/Character/serious-shotgun/shotgun_mv.fbx using Guid(67efcedb9286fa647b34bd9b565a6af1) Importer(815301076,1909f56bfc062723c751e8b465ee728b)  -> (artifact id: 'abf6d378a5329e3f2ee4362191b3b31c') in 0.110456 seconds 
========================================================================
Received Import Request.
  Time since last request: 18.705506 seconds.
  path: Assets/Character/serious-shotgun/tex
  artifactKey: Guid(e339d9a000dfd7f439b0e2212eef5272) Importer(815301076,1909f56bfc062723c751e8b465ee728b)
Start importing Assets/Character/serious-shotgun/tex using Guid(e339d9a000dfd7f439b0e2212eef5272) Importer(815301076,1909f56bfc062723c751e8b465ee728b)  -> (artifact id: 'aee4b773d30df2648d6d106ced8ca31b') in 0.006046 seconds 
========================================================================
Received Import Request.
  Time since last request: 20.855185 seconds.
  path: Assets/Character/serious-shotgun/shotgun_mv.fbx
  artifactKey: Guid(67efcedb9286fa647b34bd9b565a6af1) Importer(815301076,1909f56bfc062723c751e8b465ee728b)
Start importing Assets/Character/serious-shotgun/shotgun_mv.fbx using Guid(67efcedb9286fa647b34bd9b565a6af1) Importer(815301076,1909f56bfc062723c751e8b465ee728b)  -> (artifact id: 'd90323da0232e10ec3a18b2048167c8b') in 0.074411 seconds 
========================================================================
Received Import Request.
  Time since last request: 5.016326 seconds.
  path: Assets/Character/serious-shotgun/shotgun_mv.fbx
  artifactKey: Guid(67efcedb9286fa647b34bd9b565a6af1) Importer(815301076,1909f56bfc062723c751e8b465ee728b)
Start importing Assets/Character/serious-shotgun/shotgun_mv.fbx using Guid(67efcedb9286fa647b34bd9b565a6af1) Importer(815301076,1909f56bfc062723c751e8b465ee728b)  -> (artifact id: '0d25287b52cc339c1c57ad3106cb3b01') in 0.086467 seconds 
========================================================================
Received Import Request.
  Time since last request: 1.361873 seconds.
  path: Assets/Character/serious-shotgun/tex/mat0_c.jpg
  artifactKey: Guid(9a1d23b21db98564e9b64d1d1d3f0e39) Importer(815301076,1909f56bfc062723c751e8b465ee728b)
Start importing Assets/Character/serious-shotgun/tex/mat0_c.jpg using Guid(9a1d23b21db98564e9b64d1d1d3f0e39) Importer(815301076,1909f56bfc062723c751e8b465ee728b)  -> (artifact id: '5ef8b0e1487f490c1f362738b49fcc2e') in 0.021452 seconds 
========================================================================
Received Import Request.
  Time since last request: 0.000024 seconds.
  path: Assets/Character/serious-shotgun/tex/mat1_g.jpg
  artifactKey: Guid(e7bcde2188cc22444b59d7f450fff627) Importer(815301076,1909f56bfc062723c751e8b465ee728b)
Start importing Assets/Character/serious-shotgun/tex/mat1_g.jpg using Guid(e7bcde2188cc22444b59d7f450fff627) Importer(815301076,1909f56bfc062723c751e8b465ee728b)  -> (artifact id: '4b5be12503d5838c9f0cf8e566afc108') in 0.011715 seconds 
========================================================================
Received Import Request.
  Time since last request: 0.000021 seconds.
  path: Assets/Character/serious-shotgun/tex/mat1_s.jpg
  artifactKey: Guid(9adb13fd290aeaa45a9737d58dfcebd3) Importer(815301076,1909f56bfc062723c751e8b465ee728b)
Start importing Assets/Character/serious-shotgun/tex/mat1_s.jpg using Guid(9adb13fd290aeaa45a9737d58dfcebd3) Importer(815301076,1909f56bfc062723c751e8b465ee728b)  -> (artifact id: 'b78f4d277690a1ecd9b236726b4cbb6f') in 0.010794 seconds 
========================================================================
Received Import Request.
  Time since last request: 0.000023 seconds.
  path: Assets/Character/serious-shotgun/tex/mat3_c.jpg
  artifactKey: Guid(65a4bf4e2fa8fc449b7e20db800f87ba) Importer(815301076,1909f56bfc062723c751e8b465ee728b)
Start importing Assets/Character/serious-shotgun/tex/mat3_c.jpg using Guid(65a4bf4e2fa8fc449b7e20db800f87ba) Importer(815301076,1909f56bfc062723c751e8b465ee728b)  -> (artifact id: '829576272ea163571122b8fdfe651392') in 0.009335 seconds 
========================================================================
Received Import Request.
  Time since last request: 0.000022 seconds.
  path: Assets/Character/serious-shotgun/tex/mat0_n.jpg
  artifactKey: Guid(b9612e3b9764fe043824b5065584a573) Importer(815301076,1909f56bfc062723c751e8b465ee728b)
Start importing Assets/Character/serious-shotgun/tex/mat0_n.jpg using Guid(b9612e3b9764fe043824b5065584a573) Importer(815301076,1909f56bfc062723c751e8b465ee728b)  -> (artifact id: '093d106d6c372a3f1a08a85765a28972') in 0.014439 seconds 
========================================================================
Received Import Request.
  Time since last request: 0.000023 seconds.
  path: Assets/Character/serious-shotgun/tex/mat2_r.jpg
  artifactKey: Guid(9655f2478d863c54b85bda4ab568da6e) Importer(815301076,1909f56bfc062723c751e8b465ee728b)
Start importing Assets/Character/serious-shotgun/tex/mat2_r.jpg using Guid(9655f2478d863c54b85bda4ab568da6e) Importer(815301076,1909f56bfc062723c751e8b465ee728b)  -> (artifact id: 'b65d2d2e4a0150d1c6716b15d9958cf7') in 0.010523 seconds 
========================================================================
Received Import Request.
  Time since last request: 0.000056 seconds.
  path: Assets/Character/serious-shotgun/tex/mat3_n.jpg
  artifactKey: Guid(ebe81d120c82f824fbbea4af5ba9548c) Importer(815301076,1909f56bfc062723c751e8b465ee728b)
Start importing Assets/Character/serious-shotgun/tex/mat3_n.jpg using Guid(ebe81d120c82f824fbbea4af5ba9548c) Importer(815301076,1909f56bfc062723c751e8b465ee728b)  -> (artifact id: '6574f4790acf0f402cc2a93b084c1d8d') in 0.009285 seconds 
========================================================================
Received Import Request.
  Time since last request: 0.000016 seconds.
  path: Assets/Character/serious-shotgun/tex/mat3_r.jpg
  artifactKey: Guid(8d5855b5d4f96dc46afab9ba7a375516) Importer(815301076,1909f56bfc062723c751e8b465ee728b)
Start importing Assets/Character/serious-shotgun/tex/mat3_r.jpg using Guid(8d5855b5d4f96dc46afab9ba7a375516) Importer(815301076,1909f56bfc062723c751e8b465ee728b)  -> (artifact id: '2de7384a44d1c5d251a674db1612cac6') in 0.008865 seconds 
========================================================================
Received Import Request.
  Time since last request: 0.000023 seconds.
  path: Assets/Character/serious-shotgun/tex/mat4_s.jpg
  artifactKey: Guid(b5456cd4b348e0440933278671313c71) Importer(815301076,1909f56bfc062723c751e8b465ee728b)
Start importing Assets/Character/serious-shotgun/tex/mat4_s.jpg using Guid(b5456cd4b348e0440933278671313c71) Importer(815301076,1909f56bfc062723c751e8b465ee728b)  -> (artifact id: '6c21e4762971c0f57657818a335822ba') in 0.010212 seconds 
========================================================================
Received Import Request.
  Time since last request: 0.000025 seconds.
  path: Assets/Character/serious-shotgun/tex/mat2_a.jpg
  artifactKey: Guid(6b7c5d10cc5000f4a9834424c7dfe645) Importer(815301076,1909f56bfc062723c751e8b465ee728b)
Start importing Assets/Character/serious-shotgun/tex/mat2_a.jpg using Guid(6b7c5d10cc5000f4a9834424c7dfe645) Importer(815301076,1909f56bfc062723c751e8b465ee728b)  -> (artifact id: '083340382712fb229be27f62f618471b') in 0.009477 seconds 
========================================================================
Received Import Request.
  Time since last request: 0.000027 seconds.
  path: Assets/Character/serious-shotgun/tex/mat2_c.jpg
  artifactKey: Guid(80498e4f22120914787839f57e882e46) Importer(815301076,1909f56bfc062723c751e8b465ee728b)
Start importing Assets/Character/serious-shotgun/tex/mat2_c.jpg using Guid(80498e4f22120914787839f57e882e46) Importer(815301076,1909f56bfc062723c751e8b465ee728b)  -> (artifact id: '1eea688dce93ef75ba14f2343924d3c6') in 0.010382 seconds 
========================================================================
Received Import Request.
  Time since last request: 0.000019 seconds.
  path: Assets/Character/serious-shotgun/tex/mat2_s.jpg
  artifactKey: Guid(09b8efbc9e2c2a044a1e077a600e428e) Importer(815301076,1909f56bfc062723c751e8b465ee728b)
Start importing Assets/Character/serious-shotgun/tex/mat2_s.jpg using Guid(09b8efbc9e2c2a044a1e077a600e428e) Importer(815301076,1909f56bfc062723c751e8b465ee728b)  -> (artifact id: 'ac5f53b0de429202b741fe5183052918') in 0.009423 seconds 
========================================================================
Received Import Request.
  Time since last request: 0.000021 seconds.
  path: Assets/Character/serious-shotgun/tex/mat4_a.jpg
  artifactKey: Guid(c555453edbafb3e42a9a40ba7c2edb13) Importer(815301076,1909f56bfc062723c751e8b465ee728b)
Start importing Assets/Character/serious-shotgun/tex/mat4_a.jpg using Guid(c555453edbafb3e42a9a40ba7c2edb13) Importer(815301076,1909f56bfc062723c751e8b465ee728b)  -> (artifact id: '588ca292f88e3ea372e4b2b0dbebad85') in 0.009565 seconds 
========================================================================
Received Import Request.
  Time since last request: 0.000013 seconds.
  path: Assets/Character/serious-shotgun/tex/mat0_s.jpg
  artifactKey: Guid(754188ee4907ac3438b686c07d3eb41d) Importer(815301076,1909f56bfc062723c751e8b465ee728b)
Start importing Assets/Character/serious-shotgun/tex/mat0_s.jpg using Guid(754188ee4907ac3438b686c07d3eb41d) Importer(815301076,1909f56bfc062723c751e8b465ee728b)  -> (artifact id: '9044483d129c738ae09f112290dd029f') in 0.010395 seconds 
Editor requested this worker to shutdown with reason: Scaling down because of idle timeout
AssetImportWorker is now disconnected from the server
Process exiting
Exiting without the bug reporter. Application will terminate with return code 0